2024-11-18 10:21:22,441 - INFO - Dataset loaded successfully.
2024-11-18 10:21:22,445 - INFO - Missing values in 'DataUsageGB' filled with median.
2024-11-18 10:21:22,449 - INFO - Data split into training and testing sets.
2024-11-18 10:21:22,922 - INFO - RandomForest model trained successfully.
2024-11-18 10:21:22,944 - INFO - Churn Prediction Model Accuracy: 0.99
2024-11-18 10:21:22,944 - INFO - Confusion Matrix:
[[261   8]
 [  2 729]]
2024-11-18 10:21:22,944 - INFO - Classification Report:
              precision    recall  f1-score   support

           0       0.99      0.97      0.98       269
           1       0.99      1.00      0.99       731

    accuracy                           0.99      1000
   macro avg       0.99      0.98      0.99      1000
weighted avg       0.99      0.99      0.99      1000

2024-11-18 10:25:24,065 - INFO - Dataset loaded successfully.
2024-11-18 10:25:24,082 - INFO - Missing values in 'DataUsageGB' filled with median.
2024-11-18 10:25:24,097 - INFO - Data split into training and testing sets.
2024-11-18 10:25:24,097 - INFO - Training RandomForest model...
2024-11-18 10:25:24,818 - INFO - RandomForest model trained successfully.
2024-11-18 10:25:24,837 - INFO - Churn Prediction Model Accuracy: 0.99
2024-11-18 10:25:24,837 - INFO - Confusion Matrix:
[[261   8]
 [  2 729]]
2024-11-18 10:25:24,837 - INFO - Classification Report:
              precision    recall  f1-score   support

           0       0.99      0.97      0.98       269
           1       0.99      1.00      0.99       731

    accuracy                           0.99      1000
   macro avg       0.99      0.98      0.99      1000
weighted avg       0.99      0.99      0.99      1000

2024-11-18 10:25:37,101 - INFO - Model saved to churn_prediction_model.pkl.
2024-11-18 10:28:38,233 - INFO - Dataset loaded successfully.
2024-11-18 10:28:38,233 - INFO - Missing values in 'DataUsageGB' filled with median.
2024-11-18 10:28:38,249 - INFO - Data split into training and testing sets with stratified sampling.
2024-11-18 10:28:38,249 - INFO - Starting hyperparameter tuning with GridSearchCV...
2024-11-18 10:31:28,129 - INFO - Best Hyperparameters: {'max_depth': 20, 'min_samples_leaf': 1, 'min_samples_split': 2, 'n_estimators': 100}
2024-11-18 10:31:28,176 - INFO - Model Accuracy: 0.99
2024-11-18 10:31:28,176 - INFO - Confusion Matrix:
[[237   8]
 [  2 753]]
2024-11-18 10:31:28,176 - INFO - Classification Report:
              precision    recall  f1-score   support

           0       0.99      0.97      0.98       245
           1       0.99      1.00      0.99       755

    accuracy                           0.99      1000
   macro avg       0.99      0.98      0.99      1000
weighted avg       0.99      0.99      0.99      1000

2024-11-18 10:31:28,176 - INFO - ROC-AUC Score: 0.9996837410460873
2024-11-18 10:32:06,459 - INFO - Model saved to churn_prediction_model.pkl.
